!
!	04.2024 W.Jee           
!	KLMC3 profiler prototype
!
!	source: Profiler.py, TimeManager.py
!
!	lines with 'HC' commenets for searching hard-coded parts
!	
#---------------------------------------------------------------

klmc_profiler_object ('self.master_log_json') in the Profiler.py
{
	* * * structure * * *

	'tf_start_t'<str> : date_time_object<dict> e.g., {'year': '2023', 'month': 11, 'day': 14, 'hour': 18, 'minute': 7, 'second': 2, 'microsecond': 0, 'abs': 1699985222.0} - checkout 'TimeManager.py'

	'cpu_per_workgroup'<str> : cpu-allocated-per-workgroup<int>
	'cpu_per_taskfarm'<str>  : cpu-allocated-per-taskfarm<int>

	#
	#	profiling source : workgroup timings
	#
	'workgroup_id'<int> : {

		#
		#	task_id that processed by the 'workgroup(_id)'
		#
		'task_id'<int> : {

			'send_t'<str>           : date_time_object<dict>, including MPI_Send timing from 'master' -> 'workgroup' for 'task_id'
			'send_success'<str>     : True<bool> only, if not sent the task_id does simply not exist as a key
 
			!
			! if recv_successful then following items are valid otherwise : 'recv_t','elap_t','recv_success','sendrecv_success' are all 'None' and the rests do not exists (no keys!!)
			!
			'recv_t'<str>           : date_time_object<dict>, including MPI_Recv timing from 'workgroup' -> 'master' for 'task_id'
			'exe_t'<str>            : date_time_object<dict>, including application launched time by workgroup, 'application: consumes computational resource'
			'ret_t'<str>            : date_time_object<dict>, including application returned time by workgroup

			'elap_t'<str>           : <float>, system measured time 'in seconds' that application used, i.e., 'ret_t' - 'exe_t'

			'mpi_overhead'<str>     : <float>, system measured time that lost by MPI_Send/Recv, i.e., ('recv_t' - 'send_t') - 'elap_t'

			'recv_success'<str>     : True/None, if recv successful then 'True' else 'None'
			'sendrecv_success'<str> : if 'send_success/recv_success' are 'True' then 'True' else 'None'
		}

		* coutinuation of 'task_id's ...

		#
		#	special case
		#
		!
		!	'task_id'<int> == -1<int> : this is master messaging to workgroup to return it's resource
		!
		!	only 'send_t' is valid, however, this 'key' may not exist if the task-farm terminated abnormally (out-of-memory, runtime-out, etcs..)
		!
		!	can catch whether it does exists, e.g.,
		!
		!	d = {}; d['a'] = 1234; val = None;
		!
		!	try:
		!		val = d['b']
		!	except:
		!		pass
		!	print(val) # Possible Output: 'None'
		!
	}




wkjee 17.04 2024 updated 
